[2022-08-31 16:18:26,243] [p24255] [/home/ubuntu/workspace/dv-22-komediclub/SRC/main.py:98] [INFO] image_dir: /data/komedi/komedi-dataset
[2022-08-31 16:18:26,243] [p24255] [/home/ubuntu/workspace/dv-22-komediclub/SRC/main.py:98] [INFO] train_csv_path: /home/ubuntu/workspace/dv-22-komediclub/SRC/dataset/data/train_df.csv
[2022-08-31 16:18:26,243] [p24255] [/home/ubuntu/workspace/dv-22-komediclub/SRC/main.py:98] [INFO] valid_csv_path: /home/ubuntu/workspace/dv-22-komediclub/SRC/dataset/data/valid_df.csv
[2022-08-31 16:18:26,243] [p24255] [/home/ubuntu/workspace/dv-22-komediclub/SRC/main.py:98] [INFO] log_dir: ./logs/2022-08-31/16-18
[2022-08-31 16:18:26,243] [p24255] [/home/ubuntu/workspace/dv-22-komediclub/SRC/main.py:98] [INFO] gpus: 0,1,2,3
[2022-08-31 16:18:26,243] [p24255] [/home/ubuntu/workspace/dv-22-komediclub/SRC/main.py:98] [INFO] epochs: 500
[2022-08-31 16:18:26,243] [p24255] [/home/ubuntu/workspace/dv-22-komediclub/SRC/main.py:98] [INFO] batch_size: 512
[2022-08-31 16:18:26,243] [p24255] [/home/ubuntu/workspace/dv-22-komediclub/SRC/main.py:98] [INFO] base_lr: 0.0001
[2022-08-31 16:18:26,243] [p24255] [/home/ubuntu/workspace/dv-22-komediclub/SRC/main.py:98] [INFO] workers: 16
[2022-08-31 16:18:26,243] [p24255] [/home/ubuntu/workspace/dv-22-komediclub/SRC/main.py:98] [INFO] criterion: wingloss
[2022-08-31 16:18:26,243] [p24255] [/home/ubuntu/workspace/dv-22-komediclub/SRC/main.py:98] [INFO] optimizer: SGD
[2022-08-31 16:18:26,243] [p24255] [/home/ubuntu/workspace/dv-22-komediclub/SRC/main.py:98] [INFO] momentum: 0.9
[2022-08-31 16:18:26,243] [p24255] [/home/ubuntu/workspace/dv-22-komediclub/SRC/main.py:98] [INFO] weight_decay: 0.0005
[2022-08-31 16:18:26,243] [p24255] [/home/ubuntu/workspace/dv-22-komediclub/SRC/main.py:98] [INFO] valid_term: 5
[2022-08-31 16:18:26,243] [p24255] [/home/ubuntu/workspace/dv-22-komediclub/SRC/main.py:98] [INFO] early_stop: 200
[2022-08-31 16:18:26,243] [p24255] [/home/ubuntu/workspace/dv-22-komediclub/SRC/main.py:98] [INFO] seed: 2022
[2022-08-31 16:18:26,243] [p24255] [/home/ubuntu/workspace/dv-22-komediclub/SRC/main.py:98] [INFO] milestones: [15, 25, 30]
[2022-08-31 16:18:26,243] [p24255] [/home/ubuntu/workspace/dv-22-komediclub/SRC/main.py:98] [INFO] warmup: 50
[2022-08-31 16:18:26,243] [p24255] [/home/ubuntu/workspace/dv-22-komediclub/SRC/main.py:98] [INFO] resume: /home/ubuntu/workspace/dv-22-komediclub/SRC/models/pretrained/2022-08-25-19-10-best.pt
[2022-08-31 16:18:26,244] [p24255] [/home/ubuntu/workspace/dv-22-komediclub/SRC/main.py:98] [INFO] valid_initial: True
[2022-08-31 16:18:26,244] [p24255] [/home/ubuntu/workspace/dv-22-komediclub/SRC/main.py:98] [INFO] devices_id: [0, 1, 2, 3]
[2022-08-31 16:18:31,116] [p24255] [/home/ubuntu/workspace/dv-22-komediclub/SRC/main.py:244] [INFO] => Loading checkpoint /home/ubuntu/workspace/dv-22-komediclub/SRC/models/pretrained/2022-08-25-19-10-best.pt
[2022-08-31 16:18:32,484] [p24255] [/home/ubuntu/workspace/dv-22-komediclub/SRC/main.py:261] [INFO] Validation from initial
[2022-08-31 16:18:51,014] [p24255] [/home/ubuntu/workspace/dv-22-komediclub/SRC/main.py:274] [INFO] 	Init Landmark Detection Validation(Loss, NME) Loss: 0.003239, NME: 0.026
